{
  "RSpec": {
    "coverage": {
      "/Users/gregjflaherty/3module/rails-engine/config/environment.rb": {
        "lines": [
          null,
          1,
          null,
          null,
          1
        ]
      },
      "/Users/gregjflaherty/3module/rails-engine/config/application.rb": {
        "lines": [
          1,
          null,
          1,
          null,
          1,
          1,
          1,
          1,
          1,
          1,
          1,
          1,
          null,
          null,
          null,
          null,
          null,
          1,
          null,
          1,
          1,
          null,
          1,
          null,
          null,
          null,
          null,
          null,
          null,
          null,
          null,
          null,
          1,
          null,
          null
        ]
      },
      "/Users/gregjflaherty/3module/rails-engine/config/boot.rb": {
        "lines": [
          1,
          null,
          1,
          1
        ]
      },
      "/Users/gregjflaherty/3module/rails-engine/config/environments/test.rb": {
        "lines": [
          1,
          null,
          null,
          null,
          null,
          null,
          null,
          1,
          null,
          null,
          null,
          null,
          1,
          null,
          null,
          1,
          1,
          null,
          null,
          null,
          null,
          1,
          1,
          null,
          null,
          1,
          null,
          null,
          1,
          null,
          null,
          1,
          null,
          1,
          null,
          null,
          null,
          null,
          1,
          null,
          null,
          1,
          null,
          null,
          null,
          null
        ]
      },
      "/Users/gregjflaherty/3module/rails-engine/config/initializers/application_controller_renderer.rb": {
        "lines": [
          null,
          null,
          null,
          null,
          null,
          null,
          null,
          null
        ]
      },
      "/Users/gregjflaherty/3module/rails-engine/config/initializers/backtrace_silencers.rb": {
        "lines": [
          null,
          null,
          null,
          null,
          null,
          null,
          null
        ]
      },
      "/Users/gregjflaherty/3module/rails-engine/config/initializers/cors.rb": {
        "lines": [
          null,
          null,
          null,
          null,
          null,
          null,
          null,
          null,
          null,
          null,
          null,
          null,
          null,
          null,
          null,
          null
        ]
      },
      "/Users/gregjflaherty/3module/rails-engine/config/initializers/filter_parameter_logging.rb": {
        "lines": [
          null,
          null,
          null,
          1
        ]
      },
      "/Users/gregjflaherty/3module/rails-engine/config/initializers/inflections.rb": {
        "lines": [
          null,
          null,
          null,
          null,
          null,
          null,
          null,
          null,
          null,
          null,
          null,
          null,
          null,
          null,
          null,
          null
        ]
      },
      "/Users/gregjflaherty/3module/rails-engine/config/initializers/mime_types.rb": {
        "lines": [
          null,
          null,
          null,
          null
        ]
      },
      "/Users/gregjflaherty/3module/rails-engine/config/initializers/wrap_parameters.rb": {
        "lines": [
          null,
          null,
          null,
          null,
          null,
          null,
          1,
          2,
          null,
          null,
          null,
          null,
          null,
          null
        ]
      },
      "/Users/gregjflaherty/3module/rails-engine/spec/factories/items.rb": {
        "lines": [
          1,
          1,
          4,
          4,
          4,
          1,
          null,
          null
        ]
      },
      "/Users/gregjflaherty/3module/rails-engine/spec/factories/merchants.rb": {
        "lines": [
          1,
          1,
          4,
          null,
          null
        ]
      },
      "/Users/gregjflaherty/3module/rails-engine/config/routes.rb": {
        "lines": [
          1,
          1,
          1,
          1,
          null,
          null,
          null
        ]
      },
      "/Users/gregjflaherty/3module/rails-engine/app/models/item.rb": {
        "lines": [
          1,
          1,
          null
        ]
      },
      "/Users/gregjflaherty/3module/rails-engine/app/models/application_record.rb": {
        "lines": [
          1,
          1,
          null
        ]
      },
      "/Users/gregjflaherty/3module/rails-engine/spec/models/merchant_spec.rb": {
        "lines": [
          1,
          null,
          1,
          1,
          null
        ]
      },
      "/Users/gregjflaherty/3module/rails-engine/app/models/merchant.rb": {
        "lines": [
          1,
          null
        ]
      },
      "/Users/gregjflaherty/3module/rails-engine/spec/requests/api/v1/items/item_index_request_spec.rb": {
        "lines": [
          1,
          null,
          1,
          1,
          1,
          null,
          1,
          null,
          0,
          null,
          0,
          null,
          0,
          null,
          0,
          0,
          0,
          null,
          0,
          0,
          null,
          0,
          0,
          null,
          0,
          0,
          null,
          0,
          0,
          null,
          null,
          null
        ]
      },
      "/Users/gregjflaherty/3module/rails-engine/app/controllers/api/v1/items_controller.rb": {
        "lines": [
          1,
          1,
          1,
          0,
          null,
          null
        ]
      },
      "/Users/gregjflaherty/3module/rails-engine/app/controllers/application_controller.rb": {
        "lines": [
          1,
          null
        ]
      }
    },
    "timestamp": 1648516452
  }
}
